c:\users\son\data\drive26\programming\ccpp\studyoop\studyoop\release\vc120.pdb
c:\users\son\data\drive26\programming\ccpp\studyoop\studyoop\release\testrvaluewrongmove.obj
c:\users\son\data\drive26\programming\ccpp\studyoop\studyoop\release\testsubstitution.obj
c:\users\son\data\drive26\programming\ccpp\studyoop\studyoop\release\testrvaluereference.obj
c:\users\son\data\drive26\programming\ccpp\studyoop\studyoop\release\testrvalueoverload.obj
c:\users\son\data\drive26\programming\ccpp\studyoop\studyoop\release\testpoint.obj
c:\users\son\data\drive26\programming\ccpp\studyoop\studyoop\release\testpassbyreferencereturn.obj
c:\users\son\data\drive26\programming\ccpp\studyoop\studyoop\release\testrvaluemovesemantics.obj
c:\users\son\data\drive26\programming\ccpp\studyoop\studyoop\release\testrvaluemoveconstructor.obj
c:\users\son\data\drive26\programming\ccpp\studyoop\studyoop\release\testmovablepoint.obj
c:\users\son\data\drive26\programming\ccpp\studyoop\studyoop\release\testintvect.obj
c:\users\son\data\drive26\programming\ccpp\studyoop\studyoop\release\testexplicitkeyword.obj
c:\users\son\data\drive26\programming\ccpp\studyoop\studyoop\release\testbase.obj
c:\users\son\data\drive26\programming\ccpp\studyoop\studyoop\release\testarrayreference.obj
c:\users\son\data\drive26\programming\ccpp\studyoop\studyoop\release\singleton.obj
c:\users\son\data\drive26\programming\ccpp\studyoop\studyoop\release\point.obj
c:\users\son\data\drive26\programming\ccpp\studyoop\studyoop\release\movablepoint.obj
c:\users\son\data\drive26\programming\ccpp\studyoop\studyoop\release\intvect.obj
c:\users\son\data\drive26\programming\ccpp\studyoop\studyoop\release\base.obj
c:\users\son\data\drive26\programming\ccpp\studyoop\release\studyoop.exe
c:\users\son\data\drive26\programming\ccpp\studyoop\release\studyoop.pdb
c:\users\son\data\drive26\programming\ccpp\studyoop\studyoop\release\studyoop.tlog\cl.command.1.tlog
c:\users\son\data\drive26\programming\ccpp\studyoop\studyoop\release\studyoop.tlog\cl.read.1.tlog
c:\users\son\data\drive26\programming\ccpp\studyoop\studyoop\release\studyoop.tlog\cl.write.1.tlog
c:\users\son\data\drive26\programming\ccpp\studyoop\studyoop\release\studyoop.tlog\link.command.1.tlog
c:\users\son\data\drive26\programming\ccpp\studyoop\studyoop\release\studyoop.tlog\link.read.1.tlog
c:\users\son\data\drive26\programming\ccpp\studyoop\studyoop\release\studyoop.tlog\link.write.1.tlog
