c:\users\son\data\drive26\programming\ccpp\studyoop\studyoop\debug\vc120.pdb
c:\users\son\data\drive26\programming\ccpp\studyoop\studyoop\debug\vc120.idb
c:\users\son\data\drive26\programming\ccpp\studyoop\studyoop\debug\base.obj
c:\users\son\data\drive26\programming\ccpp\studyoop\studyoop\debug\intvect.obj
c:\users\son\data\drive26\programming\ccpp\studyoop\studyoop\debug\movablepoint.obj
c:\users\son\data\drive26\programming\ccpp\studyoop\studyoop\debug\point.obj
c:\users\son\data\drive26\programming\ccpp\studyoop\studyoop\debug\singleton.obj
c:\users\son\data\drive26\programming\ccpp\studyoop\studyoop\debug\testarrayreference.obj
c:\users\son\data\drive26\programming\ccpp\studyoop\studyoop\debug\testbase.obj
c:\users\son\data\drive26\programming\ccpp\studyoop\studyoop\debug\testexplicitkeyword.obj
c:\users\son\data\drive26\programming\ccpp\studyoop\studyoop\debug\testintvect.obj
c:\users\son\data\drive26\programming\ccpp\studyoop\studyoop\debug\testmovablepoint.obj
c:\users\son\data\drive26\programming\ccpp\studyoop\studyoop\debug\testrvaluemoveconstructor.obj
c:\users\son\data\drive26\programming\ccpp\studyoop\studyoop\debug\testrvaluemovesemantics.obj
c:\users\son\data\drive26\programming\ccpp\studyoop\studyoop\debug\testpassbyreferencereturn.obj
c:\users\son\data\drive26\programming\ccpp\studyoop\studyoop\debug\testpoint.obj
c:\users\son\data\drive26\programming\ccpp\studyoop\studyoop\debug\testrvalueoverload.obj
c:\users\son\data\drive26\programming\ccpp\studyoop\studyoop\debug\testrvaluereference.obj
c:\users\son\data\drive26\programming\ccpp\studyoop\studyoop\debug\testrvaluerightmove.obj
c:\users\son\data\drive26\programming\ccpp\studyoop\studyoop\debug\testsubstitution.obj
c:\users\son\data\drive26\programming\ccpp\studyoop\studyoop\debug\testrvaluewrongmove.obj
c:\users\son\data\drive26\programming\ccpp\studyoop\debug\studyoop.ilk
c:\users\son\data\drive26\programming\ccpp\studyoop\debug\studyoop.exe
c:\users\son\data\drive26\programming\ccpp\studyoop\debug\studyoop.pdb
c:\users\son\data\drive26\programming\ccpp\studyoop\studyoop\debug\studyoop.tlog\cl.command.1.tlog
c:\users\son\data\drive26\programming\ccpp\studyoop\studyoop\debug\studyoop.tlog\cl.read.1.tlog
c:\users\son\data\drive26\programming\ccpp\studyoop\studyoop\debug\studyoop.tlog\cl.write.1.tlog
c:\users\son\data\drive26\programming\ccpp\studyoop\studyoop\debug\studyoop.tlog\link.command.1.tlog
c:\users\son\data\drive26\programming\ccpp\studyoop\studyoop\debug\studyoop.tlog\link.read.1.tlog
c:\users\son\data\drive26\programming\ccpp\studyoop\studyoop\debug\studyoop.tlog\link.write.1.tlog
